<?xml version="1.0" encoding="UTF-8"?>
<!-- Generated by org.testng.reporters.JUnitReportReporter -->
<testsuite hostname="DESKTOP-E3SCFOE" failures="0" tests="2" name="TestNG.DemoTestNG" time="0.024" errors="0" timestamp="2023-05-20T15:14:32 IST" skipped="0">
  <testcase classname="TestNG.DemoTestNG" name="sub" time="0.021"/>
  <system-out/>
  <testcase classname="TestNG.DemoTestNG" name="add" time="0.003"/>
  <system-out/>
</testsuite> <!-- TestNG.DemoTestNG -->
